[main] INFO  Base  - opened Url
[main] INFO  Base  - Clicked on signin button
[main] INFO  Base  - entered usrname
[main] INFO  Base  - clicked on continue button
[main] INFO  Base  - entered password
[main] INFO  Base  - clicked on submit button
[main] INFO  Base  - login-sucess
[main] INFO  Base  - opened Url
[main] INFO  Base  - Clicked on signin button
[main] INFO  Base  - entered usrname
[main] INFO  Base  - clicked on continue button
[main] INFO  Base  - entered password
[main] INFO  Base  - clicked on submit button
[main] INFO  Base  - login-sucess
[main] INFO  Base  - opened Url
[main] INFO  Base  - Clicked on signin button
[main] INFO  Base  - entered usrname
[main] INFO  Base  - clicked on continue button
[main] INFO  Base  - entered password
[main] INFO  Base  - clicked on submit button
[main] INFO  Base  - login-sucess
[main] INFO  Base  - opened Url
[main] INFO  Base  - Clicked on signin button
[main] INFO  Base  - entered usrname
[main] INFO  Base  - clicked on continue button
[main] INFO  Base  - entered password
[main] INFO  Base  - clicked on submit button
[main] INFO  Base  - login-sucess
[main] INFO  Base  - opened Url
[main] INFO  Base  - Clicked on signin button
[main] INFO  Base  - entered usrname
[main] INFO  Base  - clicked on continue button
[main] INFO  Base  - entered password
[main] INFO  Base  - clicked on submit button
[main] INFO  Base  - login-sucess
[main] INFO  Base  - opened Url
[main] INFO  Base  - Clicked on signin button
[main] INFO  Base  - entered usrname
[main] INFO  Base  - clicked on continue button
